{
  "stats": {
    "suites": 1,
    "tests": 1,
    "passes": 1,
    "pending": 0,
    "failures": 0,
    "start": "2023-09-08T02:23:22.452Z",
    "end": "2023-09-08T02:23:44.076Z",
    "duration": 21624,
    "testsRegistered": 1,
    "passPercent": 100,
    "pendingPercent": 0,
    "other": 0,
    "hasOther": false,
    "skipped": 0,
    "hasSkipped": false
  },
  "results": [
    {
      "uuid": "0edbe2bc-2209-486e-8fba-765c7462cbfc",
      "title": "",
      "fullFile": "cypress\\e2e\\specs\\MenuPesananSpecs\\TransaksiPesananspecs\\TransaksiPesananTransferDebitCredit.specs.ts",
      "file": "cypress\\e2e\\specs\\MenuPesananSpecs\\TransaksiPesananspecs\\TransaksiPesananTransferDebitCredit.specs.ts",
      "beforeHooks": [],
      "afterHooks": [],
      "tests": [],
      "suites": [
        {
          "uuid": "57650420-5fcf-4a6e-a5e4-1210be9840ee",
          "title": "AccessMenuTransaksiPesanan",
          "fullFile": "",
          "file": "",
          "beforeHooks": [],
          "afterHooks": [],
          "tests": [
            {
              "title": "click menu",
              "fullTitle": "AccessMenuTransaksiPesanan click menu",
              "timedOut": null,
              "duration": 21521,
              "state": "passed",
              "speed": "slow",
              "pass": true,
              "fail": false,
              "pending": false,
              "context": null,
              "code": "cy.visit('/dashboard');\ncy.url().should('include', '/dashboard');\ncy.url().then((url) => {\n    sidemenu.sideMenuPesanan.selectMenuPesananParent(url);\n});\nsidemenu.sideMenuPesanan.selectMenuTransaksiPesanan(true, \"-\");\ncy.url().should('include', '/transaksi-pesanan');\ncy.wait(1000);\npage.pesananPage.transaksiPesananPage.tambahDataCustomerButton();\ncy.wait(1000);\npage.pesananPage.transaksiPesananPage.modalDataCustomer.KodeSalesSelectComboBox().type(`${constant_1.kodeSales}{enter}`);\npage.pesananPage.transaksiPesananPage.modalDataCustomer.namaCutomerInputBox().type(`${constant_1.namaCustomer}`);\npage.pesananPage.transaksiPesananPage.modalDataCustomer.noHpInputBox().type(`${constant_1.noHp}`);\npage.pesananPage.transaksiPesananPage.modalDataCustomer.simpanDataButton().click();\ncy.wait(1000);\npage.pesananPage.transaksiPesananPage.tambahDataBarangButton();\ncy.wait(1000);\npage.pesananPage.transaksiPesananPage.modalDataBarang.KategoriSelectComboBox().type(`${constant_1.kategori}{downArrow}{enter}`);\npage.pesananPage.transaksiPesananPage.modalDataBarang.NamaBarangInputBox().type(`${constant_1.namaBarang}`);\npage.pesananPage.transaksiPesananPage.modalDataBarang.BeratInputBox().type(`${constant_1.berat}`);\npage.pesananPage.transaksiPesananPage.modalDataBarang.DeskripsiPesananInputBox().type(`${constant_1.deskripsiPesanan}`);\npage.pesananPage.transaksiPesananPage.modalDataBarang.DeskripsiAddButtonBox().click();\ncy.wait(1000);\npage.pesananPage.transaksiPesananPage.SimpananPesanan().click({ force: true });\ncy.wait(1000);\npage.pesananPage.transaksiPesananPage.modalDataSimpananPesanan.PilihJenisBayarSelectComboBox().type(`${constant_1.jenisBayarTransfer}{downArrow}{enter}`, { force: true });\npage.pesananPage.transaksiPesananPage.modalDataSimpananPesanan.NoRekeningSelectComboBox().type(`${constant_1.noRekening}{downArrow}{enter}`, { force: true });\npage.pesananPage.transaksiPesananPage.modalDataSimpananPesanan.CardNoInputBox().type('89423', { force: true });\npage.pesananPage.transaksiPesananPage.modalDataSimpananPesanan.DeskripsiNominalInputBox().type(`${constant_1.deskripsiPesanan}`, { force: true });\npage.pesananPage.transaksiPesananPage.modalDataSimpananPesanan.DeskripsiTambahTransaksiButtonBox().click();\ncy.wait(1000);\npage.pesananPage.transaksiPesananPage.modalDataSimpananPesanan.PilihJenisBayarSelectComboBox().type(`${constant_1.jenisBayarDebit}{downArrow}{enter}`, { force: true });\npage.pesananPage.transaksiPesananPage.modalDataSimpananPesanan.NoRekeningSelectComboBox().type(`${constant_1.noRekening}{downArrow}{enter}`, { force: true });\npage.pesananPage.transaksiPesananPage.modalDataSimpananPesanan.CardNoInputBox().type(`${constant_1.card}`, { force: true });\npage.pesananPage.transaksiPesananPage.modalDataSimpananPesanan.DeskripsiNominalInputBox().type(`${constant_1.DeskripsiNominal}`, { force: true });\npage.pesananPage.transaksiPesananPage.modalDataSimpananPesanan.DeskripsiPlusTransaksiButtonBox().click();\ncy.wait(1000);\npage.pesananPage.transaksiPesananPage.modalDataSimpananPesanan.PilihJenisBayarSelectComboBox().type(`${constant_1.jenisBayarKredit}{downArrow}{enter}`, { force: true });\npage.pesananPage.transaksiPesananPage.modalDataSimpananPesanan.NoRekeningSelectComboBox().type(`${constant_1.noRekening}{downArrow}{enter}`, { force: true });\npage.pesananPage.transaksiPesananPage.modalDataSimpananPesanan.CardNoInputBox().type(`${constant_1.card}`, { force: true });\npage.pesananPage.transaksiPesananPage.modalDataSimpananPesanan.SisaButtonBox().click({ force: true });\npage.pesananPage.transaksiPesananPage.modalDataSimpananPesanan.DeskripsiPlusTransaksiButtonBox().click();\ncy.wait(1000);\npage.pesananPage.transaksiPesananPage.modalDataSimpananPesanan.DeskripsiBayarSekarangButtonBox().click();",
              "err": {},
              "uuid": "519931d2-7177-4dd1-b5f9-3e07afe5f17f",
              "parentUUID": "57650420-5fcf-4a6e-a5e4-1210be9840ee",
              "isHook": false,
              "skipped": false
            }
          ],
          "suites": [],
          "passes": [
            "519931d2-7177-4dd1-b5f9-3e07afe5f17f"
          ],
          "failures": [],
          "pending": [],
          "skipped": [],
          "duration": 21521,
          "root": false,
          "rootEmpty": false,
          "_timeout": 2000
        }
      ],
      "passes": [],
      "failures": [],
      "pending": [],
      "skipped": [],
      "duration": 0,
      "root": true,
      "rootEmpty": true,
      "_timeout": 2000
    }
  ],
  "meta": {
    "mocha": {
      "version": "7.0.1"
    },
    "mochawesome": {
      "options": {
        "quiet": false,
        "reportFilename": "mochawesome",
        "saveHtml": true,
        "saveJson": true,
        "consoleReporter": "spec",
        "useInlineDiffs": false,
        "code": true
      },
      "version": "7.1.3"
    },
    "marge": {
      "options": {
        "reportDir": "cypress/results",
        "overwrite": true,
        "html": true,
        "json": true
      },
      "version": "6.2.0"
    }
  }
}